Build started 14/03/2016 14:51:20.
     1>Project "C:\Users\Mihai\Desktop\INFO\C#\test01\POO Laboratory 3-4\POO Laboratory 3-4\POO Laboratory 3-4.vcxproj" on node 2 (Build target(s)).
     1>ClCompile:
         C:\Program Files (x86)\Microsoft Visual Studio 14.0\VC\bin\CL.exe /c /ZI /nologo /W3 /WX- /sdl /Od /Oy- /D _MBCS /Gm /EHsc /RTC1 /MDd /GS /fp:precise /Zc:wchar_t /Zc:forScope /Zc:inline /Fo"Debug\\" /Fd"Debug\vc140.pdb" /Gd /TC /analyze- /errorReport:prompt ui.c
         ui.c
     1>c:\users\mihai\desktop\info\c#\test01\poo laboratory 3-4\poo laboratory 3-4\ui.c(23): warning C4013: 'malloc' undefined; assuming extern returning int
     1>c:\users\mihai\desktop\info\c#\test01\poo laboratory 3-4\poo laboratory 3-4\ui.c(25): warning C4013: 'strcmp' undefined; assuming extern returning int
     1>c:\users\mihai\desktop\info\c#\test01\poo laboratory 3-4\poo laboratory 3-4\ui.c(30): warning C4098: 'addCountryUI': 'void' function returning a value
     1>c:\users\mihai\desktop\info\c#\test01\poo laboratory 3-4\poo laboratory 3-4\ui.c(79): warning C4013: 'strstr' undefined; assuming extern returning int
     1>c:\users\mihai\desktop\info\c#\test01\poo laboratory 3-4\poo laboratory 3-4\ui.c(82): warning C4098: 'updateCountryUI': 'void' function returning a value
     1>c:\users\mihai\desktop\info\c#\test01\poo laboratory 3-4\poo laboratory 3-4\ui.c(87): warning C4098: 'updateCountryUI': 'void' function returning a value
     1>c:\users\mihai\desktop\info\c#\test01\poo laboratory 3-4\poo laboratory 3-4\ui.c(99): warning C4098: 'updateCountryUI': 'void' function returning a value
     1>c:\users\mihai\desktop\info\c#\test01\poo laboratory 3-4\poo laboratory 3-4\ui.c(103): warning C4098: 'updateCountryUI': 'void' function returning a value
     1>c:\users\mihai\desktop\info\c#\test01\poo laboratory 3-4\poo laboratory 3-4\ui.c(120): warning C4047: '!=': 'int' differs in levels of indirection from 'void *'
     1>c:\users\mihai\desktop\info\c#\test01\poo laboratory 3-4\poo laboratory 3-4\ui.c(160): warning C4098: 'migration': 'void' function returning a value
       Link:
         C:\Program Files (x86)\Microsoft Visual Studio 14.0\VC\bin\link.exe /ERRORREPORT:PROMPT /OUT:"C:\Users\Mihai\Desktop\INFO\C#\test01\POO Laboratory 3-4\Debug\POO Laboratory 3-4.exe" /INCREMENTAL /NOLOGO kernel32.lib user32.lib gdi32.lib winspool.lib comdlg32.lib advapi32.lib shell32.lib ole32.lib oleaut32.lib uuid.lib odbc32.lib odbccp32.lib /MANIFEST /MANIFESTUAC:"level='asInvoker' uiAccess='false'" /manifest:embed /Debug /PDB:"C:\Users\Mihai\Desktop\INFO\C#\test01\POO Laboratory 3-4\Debug\POO Laboratory 3-4.pdb" /TLBID:1 /DYNAMICBASE /NXCOMPAT /IMPLIB:"C:\Users\Mihai\Desktop\INFO\C#\test01\POO Laboratory 3-4\Debug\POO Laboratory 3-4.lib" /MACHINE:X86 Debug\domain.obj
         Debug\controller.obj
         Debug\repo.obj
         Debug\test.obj
         Debug\ui.obj
         POO Laboratory 3-4.vcxproj -> C:\Users\Mihai\Desktop\INFO\C#\test01\POO Laboratory 3-4\Debug\POO Laboratory 3-4.exe
     1>Done Building Project "C:\Users\Mihai\Desktop\INFO\C#\test01\POO Laboratory 3-4\POO Laboratory 3-4\POO Laboratory 3-4.vcxproj" (Build target(s)).

Build succeeded.

Time Elapsed 00:00:01.33
