Build started 13/06/2016 14:10:11.
     1>Project "C:\Users\Mihai\Desktop\INFO\FACULTATE\SEMESTRUL 2\POO\Laboratory\EXAM POO\EXAM POO\EXAM POO.vcxproj" on node 2 (Build target(s)).
     1>ClCompile:
         C:\Program Files (x86)\Microsoft Visual Studio 14.0\VC\bin\x86_amd64\CL.exe /c /I.\GeneratedFiles /I. /IC:\Qt\Qt5.6.0\5.6\msvc2015_64\include /I.\GeneratedFiles\Debug /IC:\Qt\Qt5.6.0\5.6\msvc2015_64\include\QtCore /IC:\Qt\Qt5.6.0\5.6\msvc2015_64\include\QtGui /IC:\Qt\Qt5.6.0\5.6\msvc2015_64\include\QtWidgets /Zi /nologo /W1 /WX- /Od /D UNICODE /D WIN32 /D QT_DLL /D QT_CORE_LIB /D QT_GUI_LIB /D QT_WIDGETS_LIB /Gm- /EHsc /MDd /GS /fp:precise /Zc:wchar_t /Zc:forScope /Zc:inline /Fo"x64\Debug\\" /Fd"x64\Debug\vc140.pdb" /Gd /TP /errorReport:prompt GeneratedFiles\Debug\moc_errorGUI.cpp GeneratedFiles\Debug\moc_exampoo.cpp GeneratedFiles\Debug\moc_presenter.cpp controller.cpp errorGUI.cpp exampoo.cpp main.cpp presenter.cpp
         moc_errorGUI.cpp
         moc_exampoo.cpp
         moc_presenter.cpp
         controller.cpp
         errorGUI.cpp
         exampoo.cpp
         main.cpp
         presenter.cpp
         Generating Code...
       Link:
         C:\Program Files (x86)\Microsoft Visual Studio 14.0\VC\bin\x86_amd64\link.exe /ERRORREPORT:PROMPT /OUT:"C:\Users\Mihai\Desktop\INFO\FACULTATE\SEMESTRUL 2\POO\Laboratory\EXAM POO\x64\Debug\\EXAM POO.exe" /NOLOGO /LIBPATH:C:\Qt\Qt5.6.0\5.6\msvc2015_64\lib qtmaind.lib Qt5Cored.lib Qt5Guid.lib Qt5Widgetsd.lib kernel32.lib user32.lib gdi32.lib winspool.lib comdlg32.lib advapi32.lib shell32.lib ole32.lib oleaut32.lib uuid.lib odbc32.lib odbccp32.lib /MANIFEST /MANIFESTUAC:"level='asInvoker' uiAccess='false'" /manifest:embed /Debug /PDB:"C:\Users\Mihai\Desktop\INFO\FACULTATE\SEMESTRUL 2\POO\Laboratory\EXAM POO\x64\Debug\EXAM POO.pdb" /SUBSYSTEM:WINDOWS /TLBID:1 /DYNAMICBASE /NXCOMPAT /IMPLIB:"C:\Users\Mihai\Desktop\INFO\FACULTATE\SEMESTRUL 2\POO\Laboratory\EXAM POO\x64\Debug\EXAM POO.lib" /MACHINE:X64 x64\Debug\controller.obj
         x64\Debug\errorGUI.obj
         x64\Debug\exampoo.obj
         x64\Debug\moc_errorGUI.obj
         x64\Debug\moc_exampoo.obj
         x64\Debug\moc_presenter.obj
         x64\Debug\qrc_exampoo.obj
         x64\Debug\main.obj
         x64\Debug\presenter.obj
         x64\Debug\repository.obj
         EXAM POO.vcxproj -> C:\Users\Mihai\Desktop\INFO\FACULTATE\SEMESTRUL 2\POO\Laboratory\EXAM POO\x64\Debug\EXAM POO.exe
     1>Done Building Project "C:\Users\Mihai\Desktop\INFO\FACULTATE\SEMESTRUL 2\POO\Laboratory\EXAM POO\EXAM POO\EXAM POO.vcxproj" (Build target(s)).

Build succeeded.

Time Elapsed 00:00:29.03
