c:\users\mihai\desktop\info\facultate\semestrul 2\poo\laboratory\lab13\solution\solution\x64\debug\vc140.pdb
c:\users\mihai\desktop\info\facultate\semestrul 2\poo\laboratory\lab13\solution\solution\x64\debug\validators.obj
c:\users\mihai\desktop\info\facultate\semestrul 2\poo\laboratory\lab13\solution\solution\x64\debug\solution.obj
c:\users\mihai\desktop\info\facultate\semestrul 2\poo\laboratory\lab13\solution\solution\x64\debug\repo.obj
c:\users\mihai\desktop\info\facultate\semestrul 2\poo\laboratory\lab13\solution\solution\x64\debug\playlist.obj
c:\users\mihai\desktop\info\facultate\semestrul 2\poo\laboratory\lab13\solution\solution\x64\debug\main.obj
c:\users\mihai\desktop\info\facultate\semestrul 2\poo\laboratory\lab13\solution\solution\x64\debug\htmlplaylist.obj
c:\users\mihai\desktop\info\facultate\semestrul 2\poo\laboratory\lab13\solution\solution\x64\debug\gui.obj
c:\users\mihai\desktop\info\facultate\semestrul 2\poo\laboratory\lab13\solution\solution\x64\debug\moc_solution.obj
c:\users\mihai\desktop\info\facultate\semestrul 2\poo\laboratory\lab13\solution\solution\x64\debug\moc_gui.obj
c:\users\mihai\desktop\info\facultate\semestrul 2\poo\laboratory\lab13\solution\solution\x64\debug\fileplaylist.obj
c:\users\mihai\desktop\info\facultate\semestrul 2\poo\laboratory\lab13\solution\solution\x64\debug\domain.obj
c:\users\mihai\desktop\info\facultate\semestrul 2\poo\laboratory\lab13\solution\solution\x64\debug\csvplaylist.obj
c:\users\mihai\desktop\info\facultate\semestrul 2\poo\laboratory\lab13\solution\solution\x64\debug\controller.obj
c:\users\mihai\desktop\info\facultate\semestrul 2\poo\laboratory\lab13\solution\solution\x64\debug\qrc_solution.obj
c:\users\mihai\desktop\info\facultate\semestrul 2\poo\laboratory\lab13\solution\solution\generatedfiles\debug\moc_solution.cpp
c:\users\mihai\desktop\info\facultate\semestrul 2\poo\laboratory\lab13\solution\solution\generatedfiles\ui_solution.h
c:\users\mihai\desktop\info\facultate\semestrul 2\poo\laboratory\lab13\solution\solution\generatedfiles\debug\moc_gui.cpp
c:\users\mihai\desktop\info\facultate\semestrul 2\poo\laboratory\lab13\solution\solution\generatedfiles\qrc_solution.cpp
c:\users\mihai\desktop\info\facultate\semestrul 2\poo\laboratory\lab13\solution\x64\debug\solution.pdb
c:\users\mihai\desktop\info\facultate\semestrul 2\poo\laboratory\lab13\solution\solution\x64\debug\solution.tlog\cl.command.1.tlog
c:\users\mihai\desktop\info\facultate\semestrul 2\poo\laboratory\lab13\solution\solution\x64\debug\solution.tlog\cl.read.1.tlog
c:\users\mihai\desktop\info\facultate\semestrul 2\poo\laboratory\lab13\solution\solution\x64\debug\solution.tlog\cl.write.1.tlog
c:\users\mihai\desktop\info\facultate\semestrul 2\poo\laboratory\lab13\solution\solution\x64\debug\solution.tlog\custombuild.command.1.tlog
c:\users\mihai\desktop\info\facultate\semestrul 2\poo\laboratory\lab13\solution\solution\x64\debug\solution.tlog\custombuild.read.1.tlog
c:\users\mihai\desktop\info\facultate\semestrul 2\poo\laboratory\lab13\solution\solution\x64\debug\solution.tlog\custombuild.write.1.tlog
c:\users\mihai\desktop\info\facultate\semestrul 2\poo\laboratory\lab13\solution\solution\x64\debug\solution.tlog\link-cvtres.read.1.tlog
c:\users\mihai\desktop\info\facultate\semestrul 2\poo\laboratory\lab13\solution\solution\x64\debug\solution.tlog\link-cvtres.write.1.tlog
c:\users\mihai\desktop\info\facultate\semestrul 2\poo\laboratory\lab13\solution\solution\x64\debug\solution.tlog\link-rc.read.1.tlog
c:\users\mihai\desktop\info\facultate\semestrul 2\poo\laboratory\lab13\solution\solution\x64\debug\solution.tlog\link-rc.write.1.tlog
c:\users\mihai\desktop\info\facultate\semestrul 2\poo\laboratory\lab13\solution\solution\x64\debug\solution.tlog\link.command.1.tlog
c:\users\mihai\desktop\info\facultate\semestrul 2\poo\laboratory\lab13\solution\solution\x64\debug\solution.tlog\link.read.1.tlog
c:\users\mihai\desktop\info\facultate\semestrul 2\poo\laboratory\lab13\solution\solution\x64\debug\solution.tlog\link.write.1.tlog
