Build started 22/05/2016 21:19:35.
     1>Project "C:\Users\Mihai\Desktop\INFO\FACULTATE\SEMESTRUL 2\POO\Laboratory\Lab13\Solution\Solution\Solution.vcxproj" on node 2 (Build target(s)).
     1>ClCompile:
         C:\Program Files (x86)\Microsoft Visual Studio 14.0\VC\bin\x86_amd64\CL.exe /c /I.\GeneratedFiles /I. /IC:\Qt\Qt5.6.0\5.6\msvc2015_64\include /I.\GeneratedFiles\Debug /IC:\Qt\Qt5.6.0\5.6\msvc2015_64\include\QtCore /IC:\Qt\Qt5.6.0\5.6\msvc2015_64\include\QtGui /IC:\Qt\Qt5.6.0\5.6\msvc2015_64\include\QtWidgets /Zi /nologo /W1 /WX- /Od /D UNICODE /D WIN32 /D QT_DLL /D QT_CORE_LIB /D QT_GUI_LIB /D QT_WIDGETS_LIB /Gm- /EHsc /MDd /GS /fp:precise /Zc:wchar_t /Zc:forScope /Zc:inline /Fo"x64\Debug\\" /Fd"x64\Debug\vc140.pdb" /Gd /TP /errorReport:prompt GUI.cpp
         GUI.cpp
       Link:
         C:\Program Files (x86)\Microsoft Visual Studio 14.0\VC\bin\x86_amd64\link.exe /ERRORREPORT:PROMPT /OUT:"C:\Users\Mihai\Desktop\INFO\FACULTATE\SEMESTRUL 2\POO\Laboratory\Lab13\Solution\x64\Debug\\Solution.exe" /NOLOGO /LIBPATH:C:\Qt\Qt5.6.0\5.6\msvc2015_64\lib qtmaind.lib Qt5Cored.lib Qt5Guid.lib Qt5Widgetsd.lib kernel32.lib user32.lib gdi32.lib winspool.lib comdlg32.lib advapi32.lib shell32.lib ole32.lib oleaut32.lib uuid.lib odbc32.lib odbccp32.lib /MANIFEST /MANIFESTUAC:"level='asInvoker' uiAccess='false'" /manifest:embed /Debug /PDB:"C:\Users\Mihai\Desktop\INFO\FACULTATE\SEMESTRUL 2\POO\Laboratory\Lab13\Solution\x64\Debug\Solution.pdb" /SUBSYSTEM:WINDOWS /TLBID:1 /DYNAMICBASE /NXCOMPAT /IMPLIB:"C:\Users\Mihai\Desktop\INFO\FACULTATE\SEMESTRUL 2\POO\Laboratory\Lab13\Solution\x64\Debug\Solution.lib" /MACHINE:X64 x64\Debug\controller.obj
         x64\Debug\CSVPlaylist.obj
         x64\Debug\domain.obj
         x64\Debug\FilePlaylist.obj
         x64\Debug\moc_GUI.obj
         x64\Debug\moc_solution.obj
         x64\Debug\qrc_solution.obj
         x64\Debug\GUI.obj
         x64\Debug\HTMLPlaylist.obj
         x64\Debug\main.obj
         x64\Debug\Playlist.obj
         x64\Debug\repo.obj
         x64\Debug\solution.obj
         x64\Debug\validators.obj
         Solution.vcxproj -> C:\Users\Mihai\Desktop\INFO\FACULTATE\SEMESTRUL 2\POO\Laboratory\Lab13\Solution\x64\Debug\Solution.exe
     1>Done Building Project "C:\Users\Mihai\Desktop\INFO\FACULTATE\SEMESTRUL 2\POO\Laboratory\Lab13\Solution\Solution\Solution.vcxproj" (Build target(s)).

Build succeeded.

Time Elapsed 00:00:05.47
